<?xml version="1.0" encoding="UTF-8"?>
<!-- Generated by org.testng.reporters.JUnitReportReporter -->
<testsuite skipped="0" hostname="DESKTOP-GGCN36R" name="Listeners.class2" tests="1" failures="0" timestamp="2020-08-23T11:20:00 IST" time="16.896" errors="0">
  <testcase name="Method" time="16.896" classname="Listeners.class2"/>
  <system-out/>
</testsuite> <!-- Listeners.class2 -->
