<?xml version="1.0" encoding="UTF-8"?>
<!-- Generated by org.testng.reporters.JUnitReportReporter -->
<testsuite skipped="0" hostname="DESKTOP-GGCN36R" name="Interview.Quations.ListenersTestNGTestCase" tests="1" failures="0" timestamp="2020-08-11T17:07:04 IST" time="15.677" errors="0">
  <testcase name="TestToPass" time="15.677" classname="Interview.Quations.ListenersTestNGTestCase"/>
  <system-out/>
</testsuite> <!-- Interview.Quations.ListenersTestNGTestCase -->
